<?xml version="1.0" encoding="UTF-8"?>
<testsuite name="pedidoZeDelivery" tests="1" skipped="0" failures="0" errors="0" timestamp="2022-06-01T13:53:49" hostname="HCGB-PC1" time="21.383">
  <properties/>
  <testcase name="Quando adicionar minhas cervejas ao carrinho, Entao meu produto e quantidade devem aparecer corretos" classname="pedidoZeDelivery" time="21.383"/>
  <system-out><![CDATA[]]></system-out>
  <system-err><![CDATA[SLF4J: Failed to load class "org.slf4j.impl.StaticLoggerBinder".
SLF4J: Defaulting to no-operation (NOP) logger implementation
SLF4J: See http://www.slf4j.org/codes.html#StaticLoggerBinder for further details.
Starting ChromeDriver 101.0.4951.41 (93c720db8323b3ec10d056025ab95c23a31997c9-refs/branch-heads/4951@{#904}) on port 55344
Only local connections are allowed.
Please see https://chromedriver.chromium.org/security-considerations for suggestions on keeping ChromeDriver safe.
ChromeDriver was started successfully.
[1654091635.249][WARNING]: This version of ChromeDriver has not been tested with Chrome version 102.
jun 01, 2022 10:53:55 AM org.openqa.selenium.remote.ProtocolHandshake createSession
INFORMAÇÕES: Detected dialect: W3C
jun 01, 2022 10:53:56 AM org.openqa.selenium.devtools.CdpVersionFinder findNearestMatch
ADVERTÊNCIA: Unable to find an exact match for CDP version 102, so returning the closest version found: 101
jun 01, 2022 10:53:56 AM org.openqa.selenium.devtools.CdpVersionFinder findNearestMatch
INFORMAÇÕES: Found CDP implementation for version 102 of 101
]]></system-err>
</testsuite>
